2021-09-30 23:57:53,484 DEBUG    root            Loaded Command Group: ['gcloud', 'auth']
2021-09-30 23:57:53,667 DEBUG    root            Loaded Command Group: ['gcloud', 'auth', 'login']
2021-09-30 23:57:53,670 DEBUG    root            Running [gcloud.auth.login] with arguments: []
2021-09-30 23:57:53,675 DEBUG    requests_oauthlib.oauth2_session Generated new state 89lRJujpPSdFK7H0KZmzxpbmounVND.
2021-09-30 23:57:53,911 INFO     ___FILE_ONLY___ Your browser has been opened to visit:

    https://accounts.google.com/o/oauth2/auth?response_type=code&client_id=32555940559.apps.googleusercontent.com&redirect_uri=http%3A%2F%2Flocalhost%3A8085%2F&scope=openid+https%3A%2F%2Fwww.googleapis.com%2Fauth%2Fuserinfo.email+https%3A%2F%2Fwww.googleapis.com%2Fauth%2Fcloud-platform+https%3A%2F%2Fwww.googleapis.com%2Fauth%2Fappengine.admin+https%3A%2F%2Fwww.googleapis.com%2Fauth%2Fcompute+https%3A%2F%2Fwww.googleapis.com%2Fauth%2Faccounts.reauth&state=89lRJujpPSdFK7H0KZmzxpbmounVND&access_type=offline&code_challenge=bF34_JLBiXv9IYhDGLszO8FikPhXo4IdHswrTHU8QCA&code_challenge_method=S256


2021-09-30 23:58:00,029 INFO     google_auth_oauthlib.flow "GET /?state=89lRJujpPSdFK7H0KZmzxpbmounVND&code=4/0AX4XfWg2XTABSZ6tFV9U8oTdUN41Fb8tC6PY6GM9WIrQ2h_KlJhDh8Phtel0UBr4yjnLIg&scope=email%20openid%20https://www.googleapis.com/auth/userinfo.email%20https://www.googleapis.com/auth/cloud-platform%20https://www.googleapis.com/auth/appengine.admin%20https://www.googleapis.com/auth/compute%20https://www.googleapis.com/auth/accounts.reauth&authuser=0&prompt=consent HTTP/1.1" 200 959
2021-09-30 23:58:00,030 DEBUG    requests_oauthlib.oauth2_session Requesting url https://oauth2.googleapis.com/token using method POST.
2021-09-30 23:58:00,031 DEBUG    requests_oauthlib.oauth2_session Supplying headers {b'Accept': b'application/json', b'Content-Type': b'application/x-www-form-urlencoded;charset=UTF-8', b'user-agent': b'google-cloud-sdk gcloud/359.0.0 command/gcloud.auth.login invocation-id/172aabadbc4c4f9eaa14de0b64653d5b environment/None environment-version/None interactive/True from-script/False python/3.7.3 term/xterm-256color (Macintosh; Intel Mac OS X 20.6.0)'} and data {'grant_type': 'authorization_code', 'client_id': '32555940559.apps.googleusercontent.com', 'client_secret': 'ZmssLNjJy2998hD4CTg2ejr2', 'code': '4/0AX4XfWg2XTABSZ6tFV9U8oTdUN41Fb8tC6PY6GM9WIrQ2h_KlJhDh8Phtel0UBr4yjnLIg', 'redirect_uri': 'http://localhost:8085/', 'code_verifier': 'qD-dH8okCyrt6~fs5tdg44F6_nOwjOe3nE2yGt2i-R4FNDSAwkNCGUyHjrVgEp.knGflCW~bV5jTI~YvqNEYIjU-xiT2CrrMg4ZBdPGJZwSbjYOF82U6KPR2XT4GXLjb'}
2021-09-30 23:58:00,031 DEBUG    requests_oauthlib.oauth2_session Passing through key word arguments {'json': None, 'timeout': None, 'auth': None, 'verify': True, 'proxies': None}.
2021-09-30 23:58:00,040 DEBUG    urllib3.connectionpool Starting new HTTPS connection (1): oauth2.googleapis.com:443
2021-09-30 23:58:00,194 DEBUG    urllib3.connectionpool https://oauth2.googleapis.com:443 "POST /token HTTP/1.1" 200 None
2021-09-30 23:58:00,194 DEBUG    requests_oauthlib.oauth2_session Prepared fetch token request body grant_type=authorization_code&client_id=32555940559.apps.googleusercontent.com&client_secret=ZmssLNjJy2998hD4CTg2ejr2&code=4%2F0AX4XfWg2XTABSZ6tFV9U8oTdUN41Fb8tC6PY6GM9WIrQ2h_KlJhDh8Phtel0UBr4yjnLIg&redirect_uri=http%3A%2F%2Flocalhost%3A8085%2F&code_verifier=qD-dH8okCyrt6~fs5tdg44F6_nOwjOe3nE2yGt2i-R4FNDSAwkNCGUyHjrVgEp.knGflCW~bV5jTI~YvqNEYIjU-xiT2CrrMg4ZBdPGJZwSbjYOF82U6KPR2XT4GXLjb
2021-09-30 23:58:00,195 DEBUG    requests_oauthlib.oauth2_session Request to fetch token completed with status 200.
2021-09-30 23:58:00,195 DEBUG    requests_oauthlib.oauth2_session Request headers were {'user-agent': b'google-cloud-sdk gcloud/359.0.0 command/gcloud.auth.login invocation-id/172aabadbc4c4f9eaa14de0b64653d5b environment/None environment-version/None interactive/True from-script/False python/3.7.3 term/xterm-256color (Macintosh; Intel Mac OS X 20.6.0)', 'Accept-Encoding': 'gzip, deflate', 'Accept': b'application/json', 'Connection': 'keep-alive', 'Content-Type': b'application/x-www-form-urlencoded;charset=UTF-8', 'Content-Length': '387'}
2021-09-30 23:58:00,195 DEBUG    requests_oauthlib.oauth2_session Request body was grant_type=authorization_code&client_id=32555940559.apps.googleusercontent.com&client_secret=ZmssLNjJy2998hD4CTg2ejr2&code=4%2F0AX4XfWg2XTABSZ6tFV9U8oTdUN41Fb8tC6PY6GM9WIrQ2h_KlJhDh8Phtel0UBr4yjnLIg&redirect_uri=http%3A%2F%2Flocalhost%3A8085%2F&code_verifier=qD-dH8okCyrt6~fs5tdg44F6_nOwjOe3nE2yGt2i-R4FNDSAwkNCGUyHjrVgEp.knGflCW~bV5jTI~YvqNEYIjU-xiT2CrrMg4ZBdPGJZwSbjYOF82U6KPR2XT4GXLjb
2021-09-30 23:58:00,195 DEBUG    requests_oauthlib.oauth2_session Response headers were {'Cache-Control': 'no-cache, no-store, max-age=0, must-revalidate', 'Expires': 'Mon, 01 Jan 1990 00:00:00 GMT', 'Pragma': 'no-cache', 'Date': 'Fri, 01 Oct 2021 04:58:00 GMT', 'Content-Type': 'application/json; charset=utf-8', 'Vary': 'Origin, X-Origin, Referer', 'Content-Encoding': 'gzip', 'Server': 'scaffolding on HTTPServer2', 'X-XSS-Protection': '0', 'X-Frame-Options': 'SAMEORIGIN', 'X-Content-Type-Options': 'nosniff', 'Alt-Svc': 'h3=":443"; ma=2592000,h3-29=":443"; ma=2592000,h3-T051=":443"; ma=2592000,h3-Q050=":443"; ma=2592000,h3-Q046=":443"; ma=2592000,h3-Q043=":443"; ma=2592000,quic=":443"; ma=2592000; v="46,43"', 'Transfer-Encoding': 'chunked'} and content {
  "access_token": "ya29.a0ARrdaM_Mfe9lb48pOGHrP-Ej7w_vvK6U0r6VnB7t65-0SZcFidB5zSxKNKtrPX7hFIU-pY4jfQv-YD1J07GmsDxVSDX-iwpX98vPGc3-49OHuJuVvPtNOKSSR-Jj-VJ89jLs7mxHuxu-vVF1GVbC7VkbQXwh-FlBuVjr",
  "expires_in": 3599,
  "refresh_token": "1//0fNzXyNFVkWrOCgYIARAAGA8SNwF-L9IrwPV5NBeiLwQ7glK8hjyopUziYVkXAZOu--081EH2cy_s1R9uQV1GZG9ZtFzJpglGqd4",
  "scope": "https://www.googleapis.com/auth/cloud-platform https://www.googleapis.com/auth/appengine.admin openid https://www.googleapis.com/auth/compute https://www.googleapis.com/auth/accounts.reauth https://www.googleapis.com/auth/userinfo.email",
  "token_type": "Bearer",
  "id_token": "eyJhbGciOiJSUzI1NiIsImtpZCI6IjhkOTI5YzYzZmYxMDgyYmJiOGM5OWY5OTRmYTNmZjRhZGFkYTJkMTEiLCJ0eXAiOiJKV1QifQ.eyJpc3MiOiJodHRwczovL2FjY291bnRzLmdvb2dsZS5jb20iLCJhenAiOiIzMjU1NTk0MDU1OS5hcHBzLmdvb2dsZXVzZXJjb250ZW50LmNvbSIsImF1ZCI6IjMyNTU1OTQwNTU5LmFwcHMuZ29vZ2xldXNlcmNvbnRlbnQuY29tIiwic3ViIjoiMTA3MTQ4NDU0NjA0ODAwNzQyMDU0IiwiZW1haWwiOiJsZWV6bm9uQGdtYWlsLmNvbSIsImVtYWlsX3ZlcmlmaWVkIjp0cnVlLCJhdF9oYXNoIjoiVzhlMncxWWVHeXN6dkR1b1N5QkoxdyIsImlhdCI6MTYzMzA2NDI4MCwiZXhwIjoxNjMzMDY3ODgwfQ.Tokrob-_i1pPHBmskf57fCfhCjwYgd3rrWKcXdStIigY7MngjDImld8PS4uXqZHo7bGMZOkVUJFxk07-0FhqSyXRNmnaG7K1fdDokCosBfvyznuXzTCew0P8oWG4kYkkq92Epx-4BwtuhJulhOO_gjlWKkR42JZCWUoxMi6isPGyfO33oz8U6liYmAeh_GOnsmet14ZN8_PZOeNHTk4Z7WyDPkf94MpKGEAT2E2adkvxA2kziHErRs0nD1R_GAvwOeF_Y9VaacbFTrX3nVKfvniIUj66e4EDic-Ulttnl9Gp9Fge-ERqBTn9mWgBwVDGW--Ku_0HDHaArgQYIWABVQ"
}.
2021-09-30 23:58:00,195 DEBUG    requests_oauthlib.oauth2_session Invoking 0 token response hooks.
2021-09-30 23:58:00,195 DEBUG    requests_oauthlib.oauth2_session Obtained token {'access_token': 'ya29.a0ARrdaM_Mfe9lb48pOGHrP-Ej7w_vvK6U0r6VnB7t65-0SZcFidB5zSxKNKtrPX7hFIU-pY4jfQv-YD1J07GmsDxVSDX-iwpX98vPGc3-49OHuJuVvPtNOKSSR-Jj-VJ89jLs7mxHuxu-vVF1GVbC7VkbQXwh-FlBuVjr', 'expires_in': 3599, 'refresh_token': '1//0fNzXyNFVkWrOCgYIARAAGA8SNwF-L9IrwPV5NBeiLwQ7glK8hjyopUziYVkXAZOu--081EH2cy_s1R9uQV1GZG9ZtFzJpglGqd4', 'scope': ['https://www.googleapis.com/auth/cloud-platform', 'https://www.googleapis.com/auth/appengine.admin', 'openid', 'https://www.googleapis.com/auth/compute', 'https://www.googleapis.com/auth/accounts.reauth', 'https://www.googleapis.com/auth/userinfo.email'], 'token_type': 'Bearer', 'id_token': 'eyJhbGciOiJSUzI1NiIsImtpZCI6IjhkOTI5YzYzZmYxMDgyYmJiOGM5OWY5OTRmYTNmZjRhZGFkYTJkMTEiLCJ0eXAiOiJKV1QifQ.eyJpc3MiOiJodHRwczovL2FjY291bnRzLmdvb2dsZS5jb20iLCJhenAiOiIzMjU1NTk0MDU1OS5hcHBzLmdvb2dsZXVzZXJjb250ZW50LmNvbSIsImF1ZCI6IjMyNTU1OTQwNTU5LmFwcHMuZ29vZ2xldXNlcmNvbnRlbnQuY29tIiwic3ViIjoiMTA3MTQ4NDU0NjA0ODAwNzQyMDU0IiwiZW1haWwiOiJsZWV6bm9uQGdtYWlsLmNvbSIsImVtYWlsX3ZlcmlmaWVkIjp0cnVlLCJhdF9oYXNoIjoiVzhlMncxWWVHeXN6dkR1b1N5QkoxdyIsImlhdCI6MTYzMzA2NDI4MCwiZXhwIjoxNjMzMDY3ODgwfQ.Tokrob-_i1pPHBmskf57fCfhCjwYgd3rrWKcXdStIigY7MngjDImld8PS4uXqZHo7bGMZOkVUJFxk07-0FhqSyXRNmnaG7K1fdDokCosBfvyznuXzTCew0P8oWG4kYkkq92Epx-4BwtuhJulhOO_gjlWKkR42JZCWUoxMi6isPGyfO33oz8U6liYmAeh_GOnsmet14ZN8_PZOeNHTk4Z7WyDPkf94MpKGEAT2E2adkvxA2kziHErRs0nD1R_GAvwOeF_Y9VaacbFTrX3nVKfvniIUj66e4EDic-Ulttnl9Gp9Fge-ERqBTn9mWgBwVDGW--Ku_0HDHaArgQYIWABVQ', 'expires_at': 1633067879.195807}.
2021-09-30 23:58:00,204 INFO     ___FILE_ONLY___ 
You are now logged in as [leeznon@gmail.com].
Your current project is [None].  You can change this setting by running:
  $ gcloud config set project PROJECT_ID

2021-09-30 23:58:00,204 INFO     root            Display format: "none"
2021-09-30 23:58:00,214 DEBUG    root            Metrics reporting process started...
